<?xml version="1.0" encoding="UTF-8"?>
<testsuite name="com.example.project.TestDay2" tests="1" skipped="0" failures="0" errors="0" timestamp="2024-12-19T17:06:40" hostname="codespaces-af7221" time="0.024">
  <properties/>
  <testcase name="testSortNames()" classname="com.example.project.TestDay2" time="0.024"/>
  <system-out><![CDATA[]]></system-out>
  <system-err><![CDATA[]]></system-err>
</testsuite>
